Determining if the pthread_create exist failed with the following output:
Change Dir: /home/shubham/git_space/AuE893_spring20_Shubham_Horane/build/CMakeFiles/CMakeTmp

Run Build Command:"/usr/bin/make" "cmTC_ecf1e/fast"
/usr/bin/make -f CMakeFiles/cmTC_ecf1e.dir/build.make CMakeFiles/cmTC_ecf1e.dir/build
make[1]: Entering directory '/home/shubham/git_space/AuE893_spring20_Shubham_Horane/build/CMakeFiles/CMakeTmp'
Building C object CMakeFiles/cmTC_ecf1e.dir/CheckSymbolExists.c.o
/usr/bin/cc     -o CMakeFiles/cmTC_ecf1e.dir/CheckSymbolExists.c.o   -c /home/shubham/git_space/AuE893_spring20_Shubham_Horane/build/CMakeFiles/CMakeTmp/CheckSymbolExists.c
Linking C executable cmTC_ecf1e
/usr/bin/cmake -E cmake_link_script CMakeFiles/cmTC_ecf1e.dir/link.txt --verbose=1
/usr/bin/cc       CMakeFiles/cmTC_ecf1e.dir/CheckSymbolExists.c.o  -o cmTC_ecf1e -rdynamic 
CMakeFiles/cmTC_ecf1e.dir/CheckSymbolExists.c.o: In function `main':
CheckSymbolExists.c:(.text+0x16): undefined reference to `pthread_create'
collect2: error: ld returned 1 exit status
CMakeFiles/cmTC_ecf1e.dir/build.make:97: recipe for target 'cmTC_ecf1e' failed
make[1]: *** [cmTC_ecf1e] Error 1
make[1]: Leaving directory '/home/shubham/git_space/AuE893_spring20_Shubham_Horane/build/CMakeFiles/CMakeTmp'
Makefile:126: recipe for target 'cmTC_ecf1e/fast' failed
make: *** [cmTC_ecf1e/fast] Error 2

File /home/shubham/git_space/AuE893_spring20_Shubham_Horane/build/CMakeFiles/CMakeTmp/CheckSymbolExists.c:
/* */
#include <pthread.h>

int main(int argc, char** argv)
{
  (void)argv;
#ifndef pthread_create
  return ((int*)(&pthread_create))[argc];
#else
  (void)argc;
  return 0;
#endif
}

Determining if the function pthread_create exists in the pthreads failed with the following output:
Change Dir: /home/shubham/git_space/AuE893_spring20_Shubham_Horane/build/CMakeFiles/CMakeTmp

Run Build Command:"/usr/bin/make" "cmTC_59534/fast"
/usr/bin/make -f CMakeFiles/cmTC_59534.dir/build.make CMakeFiles/cmTC_59534.dir/build
make[1]: Entering directory '/home/shubham/git_space/AuE893_spring20_Shubham_Horane/build/CMakeFiles/CMakeTmp'
Building C object CMakeFiles/cmTC_59534.dir/CheckFunctionExists.c.o
/usr/bin/cc    -DCHECK_FUNCTION_EXISTS=pthread_create   -o CMakeFiles/cmTC_59534.dir/CheckFunctionExists.c.o   -c /usr/share/cmake-3.5/Modules/CheckFunctionExists.c
Linking C executable cmTC_59534
/usr/bin/cmake -E cmake_link_script CMakeFiles/cmTC_59534.dir/link.txt --verbose=1
/usr/bin/cc   -DCHECK_FUNCTION_EXISTS=pthread_create    CMakeFiles/cmTC_59534.dir/CheckFunctionExists.c.o  -o cmTC_59534 -rdynamic -lpthreads 
/usr/bin/ld: cannot find -lpthreads
collect2: error: ld returned 1 exit status
CMakeFiles/cmTC_59534.dir/build.make:97: recipe for target 'cmTC_59534' failed
make[1]: *** [cmTC_59534] Error 1
make[1]: Leaving directory '/home/shubham/git_space/AuE893_spring20_Shubham_Horane/build/CMakeFiles/CMakeTmp'
Makefile:126: recipe for target 'cmTC_59534/fast' failed
make: *** [cmTC_59534/fast] Error 2


